<?xml version="1.0" encoding="UTF-8"?>
<!-- Generated by org.testng.reporters.JUnitReportReporter -->
<testsuite hostname="RWindows" failures="0" tests="2" name="testcase.HomePage" time="0.010" errors="0" timestamp="2024-11-09T22:16:49 IST" skipped="0">
  <testcase classname="testcase.HomePage" name="m1" time="0.006"/>
  <testcase classname="testcase.HomePage" name="m2" time="0.004"/>
</testsuite> <!-- testcase.HomePage -->
