<?xml version="1.0" encoding="UTF-8"?>
<!-- Generated by org.testng.reporters.JUnitReportReporter -->
<testsuite hostname="RWindows" failures="0" tests="1" name="testcase.PaymentPage" time="0.002" errors="0" timestamp="2024-11-09T22:16:49 IST" skipped="0">
  <testcase classname="testcase.PaymentPage" name="f" time="0.002"/>
</testsuite> <!-- testcase.PaymentPage -->
